Hardening run — 20260416_160358
Host: ansible-server.volare.cc

────────────────────────────────────────────────────────────
MODULE : 12_password_policy.sh
STATUS : PASS
STDOUT :
[1m── OS Detection ──[0m
[0;36m[INFO][0m  Detected OS : Rocky Linux 9.7 (Blue Onyx)

[1m── Check 1 — Password Hashing Algorithm (SHA-512) ──[0m
[0;36m[INFO][0m  Audit  : grep ENCRYPT_METHOD /etc/login.defs
[0;36m[INFO][0m  Expect : ENCRYPT_METHOD SHA512

[0;36m[INFO][0m  Found  : ENCRYPT_METHOD SHA512

[0;32m[PASS][0m  ENCRYPT_METHOD SHA512 is set in /etc/login.defs ✓

[1m── Check 2 — Password Complexity (pam_pwquality) ──[0m
[0;36m[INFO][0m  Audit  : grep pam_pwquality.so /etc/pam.d/system-auth
[0;36m[INFO][0m  Expect : password required pam_pwquality.so try_first_pass retry=3
[0;36m[INFO][0m           minlen=14 dcredit=-1 ucredit=-1 ocredit=-1 lcredit=-1

[0;36m[INFO][0m  Found in /etc/pam.d/system-auth:
        password    requisite                                    pam_pwquality.so local_users_only

[0;33m[WARN][0m  Missing or incorrect parameter: retry=3
[0;33m[WARN][0m  Missing or incorrect parameter: minlen=12
[0;33m[WARN][0m  Missing or incorrect parameter: dcredit=-1
[0;33m[WARN][0m  Missing or incorrect parameter: ucredit=-1
[0;33m[WARN][0m  Missing or incorrect parameter: ocredit=-1
[0;33m[WARN][0m  Missing or incorrect parameter: lcredit=-1
[0;31m[FAIL][0m  pam_pwquality configuration is missing or incomplete.
[0;36m[INFO][0m  Remediation: Configuring via /etc/security/pwquality.conf and /etc/pam.d/system-auth ...
[0;36m[INFO][0m    Backup : /etc/security/pwquality.conf.bak.20260416160358
[0;32m[PASS][0m  /etc/security/pwquality.conf configured.
[0;36m[INFO][0m  pam_pwquality.so present in /etc/pam.d/system-auth — updating parameters ...
[0;36m[INFO][0m    Backup : /etc/pam.d/system-auth.bak.20260416160358
[0;32m[PASS][0m  pam_pwquality.so parameters updated in /etc/pam.d/system-auth

[1m── Check 3 — Password Reuse Limit ──[0m
[0;36m[INFO][0m  Audit  : grep "remember" /etc/pam.d/system-auth
[0;36m[INFO][0m  Expect : password sufficient pam_unix.so remember=5

[0;36m[INFO][0m  Found  : [not set]

[0;31m[FAIL][0m  Password reuse limit is 0 — must be at least 5.
        [2mRisk: Without reuse limits users cycle between a few known passwords,[0m
        [2m      completely defeating password expiration policies.[0m
[0;36m[INFO][0m  Remediation: Setting remember=5 on pam_unix.so in /etc/pam.d/system-auth ...
[0;36m[INFO][0m    Backup : /etc/pam.d/system-auth.bak.20260416160358
[0;32m[PASS][0m  remember=5 added to pam_unix.so in /etc/pam.d/system-auth ✓
[0;36m[INFO][0m    Backup : /etc/pam.d/password-auth.bak.20260416160358
[0;32m[PASS][0m  remember=5 mirrored to /etc/pam.d/password-auth ✓

[1m── Check 4 — Password Expiration Days (PASS_MAX_DAYS) ──[0m
[0;36m[INFO][0m  Audit  : grep ^PASS_MAX_DAYS /etc/login.defs
[0;36m[INFO][0m  Expect : PASS_MAX_DAYS 180

[0;36m[INFO][0m  Found  : PASS_MAX_DAYS	99999

[0;31m[FAIL][0m  PASS_MAX_DAYS is '99999' — must be <= 180.
[0;36m[INFO][0m  Remediation: Setting PASS_MAX_DAYS 180 ...
[0;36m[INFO][0m    Backup : /etc/login.defs.bak.20260416160358
[0;32m[PASS][0m  PASS_MAX_DAYS 180 set in /etc/login.defs ✓

[1m── Check 5 — Minimum Days Between Password Changes (PASS_MIN_DAYS) ──[0m
[0;36m[INFO][0m  Audit  : grep ^PASS_MIN_DAYS /etc/login.defs
[0;36m[INFO][0m  Expect : PASS_MIN_DAYS 7

[0;36m[INFO][0m  Found  : PASS_MIN_DAYS	0

[0;31m[FAIL][0m  PASS_MIN_DAYS is '0' — must be >= 7.
        [2mRisk: Without a minimum, users can change password multiple times in one[0m
        [2m      day to cycle back to a previously used password, bypassing remember=.[0m
[0;36m[INFO][0m  Remediation: Setting PASS_MIN_DAYS 7 ...
[0;36m[INFO][0m    Backup : /etc/login.defs.bak.20260416160358
[0;32m[PASS][0m  PASS_MIN_DAYS 7 set in /etc/login.defs ✓

[1m── Check 6 — Password Expiry Warning Days (PASS_WARN_AGE) ──[0m
[0;36m[INFO][0m  Audit  : grep ^PASS_WARN_AGE /etc/login.defs
[0;36m[INFO][0m  Expect : PASS_WARN_AGE 7

[0;36m[INFO][0m  Found  : PASS_WARN_AGE	7

[0;32m[PASS][0m  PASS_WARN_AGE is 7 (>= 7) ✓

[1m── Check 7 — Apply Password Aging to Existing Users (chage) ──[0m
[0;36m[INFO][0m  Audit  : chage --list <user> | grep 'Maximum\|Minimum\|Warning'
[0;36m[INFO][0m  Applying to all non-system users (UID > 499) ...

  [1mUSER                 MAX_DAYS     MIN_DAYS     WARN_DAYS    STATUS         [0m
  ───────────────────────────────────────────────────────────────────────────


[1m── Check 8 — Disable System Accounts Interactive Shell ──[0m
[0;36m[INFO][0m  Audit  : egrep -v "^\+" /etc/passwd | awk -F: ...
[0;36m[INFO][0m           (system accounts UID < 500 with interactive shells)

[0;36m[INFO][0m  Scanning for system accounts with interactive shells ...

[0;32m[PASS][0m  No system accounts with interactive shells found ✓
        [2mAudit output: [no output — compliant][0m

[1m── Check 9 — Root Account Default GID ──[0m
[0;36m[INFO][0m  Audit  : grep root /etc/passwd | cut -f4 -d:
[0;36m[INFO][0m  Expect : 0

[0;36m[INFO][0m  root GID : 0

[0;32m[PASS][0m  root account GID is 0 ✓

[1m── Check 10 — Lock Inactive Accounts (useradd -D -f 35) ──[0m
[0;36m[INFO][0m  Audit  : useradd -D | grep INACTIVE
[0;36m[INFO][0m  Expect : INACTIVE=35

[0;36m[INFO][0m  Current INACTIVE default : -1

[0;31m[FAIL][0m  INACTIVE is -1 — must be 35.
        [2mRisk: Abandoned accounts that are never used remain active indefinitely,[0m
        [2m      giving attackers a persistent foothold if credentials are compromised.[0m
[0;36m[INFO][0m  Remediation: useradd -D -f 35
[0;32m[PASS][0m  Default INACTIVE set to 35 days ✓
[0;36m[INFO][0m  Verified INACTIVE = 35
[0;36m[INFO][0m  Checking existing users for INACTIVE=-1 ...

[0;32m[PASS][0m  All existing users already have INACTIVE configured ✓

[1m── Check 11 — Login Warning Banners ──[0m
[0;36m[INFO][0m  Audit  : stat -L -c "%a %u %g" /etc/motd /etc/issue /etc/issue.net


[0;36m[INFO][0m  Checking : /etc/motd
[0;36m[INFO][0m    /etc/motd is missing or empty — writing banner ...
[0;32m[PASS][0m    /etc/motd created with legal banner ✓
[0;32m[PASS][0m    Permissions : 644 0 0 ✓

[0;36m[INFO][0m  Checking : /etc/issue
[0;32m[PASS][0m    /etc/issue exists and is non-empty ✓
[0;32m[PASS][0m    Permissions : 644 0 0 ✓

[0;36m[INFO][0m  Checking : /etc/issue.net
[0;32m[PASS][0m    /etc/issue.net exists and is non-empty ✓
[0;32m[PASS][0m    Permissions : 644 0 0 ✓

[1m── Check 12 — Remove OS Information from Login Banners ──[0m
[0;36m[INFO][0m  Audit  : Check /etc/motd, /etc/issue, /etc/issue.net for OS fingerprints

[0;36m[INFO][0m  Scanning /etc/motd for OS information ...
[0;33m[WARN][0m    OS fingerprint pattern found: 'suse' in /etc/motd
[0;36m[INFO][0m    Replacing /etc/motd with clean legal banner (no OS info) ...
[0;36m[INFO][0m    Backup : /etc/motd.bak.20260416160358
[0;32m[PASS][0m    /etc/motd OS information removed ✓
[0;36m[INFO][0m  Scanning /etc/issue for OS information ...
[0;33m[WARN][0m    OS fingerprint pattern found: 'kernel' in /etc/issue
[0;33m[WARN][0m    OS fingerprint pattern found: '\s' in /etc/issue
[0;33m[WARN][0m    OS fingerprint pattern found: '\r' in /etc/issue
[0;33m[WARN][0m    OS fingerprint pattern found: '\m' in /etc/issue
[0;36m[INFO][0m    Replacing /etc/issue with clean legal banner (no OS info) ...
[0;36m[INFO][0m    Backup : /etc/issue.bak.20260416160358
[0;32m[PASS][0m    /etc/issue OS information removed ✓
[0;36m[INFO][0m  Scanning /etc/issue.net for OS information ...
[0;32m[PASS][0m    /etc/issue.net — no OS fingerprint patterns found ✓

[1m── Check 13 — Critical File Permissions ──[0m
[0;36m[INFO][0m  Audit  : stat -L -c "%a %u %g" /etc/passwd /etc/shadow /etc/group /etc/gshadow

  [1mFILE                 EXPECTED   OWNER:GRP    CURRENT    OWNER      STATUS         [0m
  ────────────────────────────────────────────────────────────────────────────────
  /etc/passwd          644        root:root    644        root:root  OK ✓         
  /etc/shadow          000        root:root    0          root:root  Fixed ✓      
  /etc/group           644        root:root    644        root:root  OK ✓         
  /etc/gshadow         000        root:root    0          root:root  Fixed ✓      

[1m── Configuration Summary ──[0m

[0;36m[INFO][0m  login.defs password aging settings:
        PASS_MAX_DAYS	180
        PASS_MIN_DAYS	7
        PASS_MAX_DAYS	180
        PASS_MIN_DAYS	7
        PASS_WARN_AGE	7
        ENCRYPT_METHOD SHA512

[0;36m[INFO][0m  useradd default INACTIVE setting:
        INACTIVE=35

[0;36m[INFO][0m  pwquality.conf settings:
        minlen = 12
        dcredit = -1
        ucredit = -1
        lcredit = -1
        ocredit = -1
        retry = 3
        usercheck = 1
        enforce_for_root

──────────────────────────────────────────────────────
[0;32m[PASS][0m  Module 12_password_policy — ALL CHECKS PASSED

────────────────────────────────────────────────────────────
Done.
